Command line:
   registerFile_isim_beh.exe
     -simmode  gui
     -simrunnum  0
     -socket  64950

Wed Dec 07 17:33:25 2016


 Elaboration Time: 0.0625 sec

 Current Memory Usage: 846.266 Meg

 Total Signals          : 12
 Total Nets             : 1202
 Total Signal Drivers   : 3
 Total Blocks           : 5
 Total Primitive Blocks : 5
 Total Processes        : 2
 Total Traceable Variables  : 15
 Total Scalar Nets and Variables : 1703
Total Line Count : 9

 Total Simulation Time: 0.140625 sec

 Current Memory Usage: 688.98 Meg

Wed Dec 07 17:38:17 2016

