Command line:
   ControlUnit_isim_beh.exe
     -simmode  gui
     -simrunnum  0
     -socket  58924

Sat Dec 03 20:21:35 2016


 Elaboration Time: 0.0625 sec

 Current Memory Usage: 846.647 Meg

 Total Signals          : 25
 Total Nets             : 31
 Total Signal Drivers   : 24
 Total Blocks           : 2
 Total Primitive Blocks : 2
 Total Processes        : 24
 Total Traceable Variables  : 8
 Total Scalar Nets and Variables : 391
Total Line Count : 27

 Total Simulation Time: 0.125 sec

 Current Memory Usage: 374.788 Meg

Sat Dec 03 22:28:22 2016

