Command line:
   ALU_isim_beh.exe
     -simmode  gui
     -simrunnum  0
     -socket  54602

Thu Dec 08 22:01:35 2016


 Elaboration Time: 0.09375 sec

 Current Memory Usage: 846.18 Meg

 Total Signals          : 9
 Total Nets             : 136
 Total Signal Drivers   : 4
 Total Blocks           : 4
 Total Primitive Blocks : 4
 Total Processes        : 2
 Total Traceable Variables  : 10
 Total Scalar Nets and Variables : 514
Total Line Count : 81

 Total Simulation Time: 0.09375 sec

 Current Memory Usage: 846.18 Meg

Thu Dec 08 22:01:39 2016

