Command line:
   ALU_isim_beh.exe
     -simmode  gui
     -simrunnum  0
     -socket  58019

Sun Dec 11 21:03:08 2016


 Elaboration Time: 0.0625 sec

 Current Memory Usage: 846.75 Meg

 Total Signals          : 9
 Total Nets             : 137
 Total Signal Drivers   : 4
 Total Blocks           : 4
 Total Primitive Blocks : 4
 Total Processes        : 2
 Total Traceable Variables  : 10
 Total Scalar Nets and Variables : 515
Total Line Count : 81

 Total Simulation Time: 0.078125 sec

 Current Memory Usage: 846.75 Meg

Sun Dec 11 21:03:14 2016

