Running: C:\Xilinx\14.7\ISE_DS\ISE\bin\nt64\unwrapped\fuse.exe -intstyle ise -incremental -lib secureip -o C:/Users/amrit/Documents/Xilinx Projects/rc5/key_expansion_isim_beh.exe -prj C:/Users/amrit/Documents/Xilinx Projects/rc5/key_expansion_beh.prj work.key_expansion 
ISim P.20131013 (signature 0x7708f090)
Number of CPUs detected in this system: 8
Turning on mult-threading, number of parallel sub-compilation jobs: 16 
Determining compilation order of HDL files
Parsing VHDL file "C:/Users/amrit/Documents/Xilinx Projects/rc5/key_expansion.vhd" into library work
ERROR:HDLCompiler:104 - "C:/Users/amrit/Documents/Xilinx Projects/rc5/key_expansion.vhd" Line 6: Cannot find <rc5_pkg> in library <work>. Please ensure that the library was compiled, and that a library and a use clause are present in the VHDL file.
ERROR:HDLCompiler:69 - "C:/Users/amrit/Documents/Xilinx Projects/rc5/key_expansion.vhd" Line 24: <skey_array> is not declared.
ERROR:HDLCompiler:854 - "C:/Users/amrit/Documents/Xilinx Projects/rc5/key_expansion.vhd" Line 17: Unit <key_expansion> ignored due to previous errors.
ERROR:HDLCompiler:374 - "C:/Users/amrit/Documents/Xilinx Projects/rc5/key_expansion.vhd" Line 29: Entity <key_expansion> is not yet compiled.
ERROR:HDLCompiler:69 - "C:/Users/amrit/Documents/Xilinx Projects/rc5/key_expansion.vhd" Line 32: <std_logic_vector> is not declared.
ERROR:HDLCompiler:69 - "C:/Users/amrit/Documents/Xilinx Projects/rc5/key_expansion.vhd" Line 33: <std_logic_vector> is not declared.
ERROR:HDLCompiler:69 - "C:/Users/amrit/Documents/Xilinx Projects/rc5/key_expansion.vhd" Line 34: <std_logic_vector> is not declared.
ERROR:HDLCompiler:69 - "C:/Users/amrit/Documents/Xilinx Projects/rc5/key_expansion.vhd" Line 35: <std_logic_vector> is not declared.
ERROR:HDLCompiler:69 - "C:/Users/amrit/Documents/Xilinx Projects/rc5/key_expansion.vhd" Line 36: <std_logic_vector> is not declared.
ERROR:HDLCompiler:69 - "C:/Users/amrit/Documents/Xilinx Projects/rc5/key_expansion.vhd" Line 37: <std_logic_vector> is not declared.
ERROR:HDLCompiler:69 - "C:/Users/amrit/Documents/Xilinx Projects/rc5/key_expansion.vhd" Line 38: <std_logic_vector> is not declared.
ERROR:HDLCompiler:69 - "C:/Users/amrit/Documents/Xilinx Projects/rc5/key_expansion.vhd" Line 39: <std_logic_vector> is not declared.
ERROR:HDLCompiler:69 - "C:/Users/amrit/Documents/Xilinx Projects/rc5/key_expansion.vhd" Line 40: <std_logic_vector> is not declared.
ERROR:HDLCompiler:69 - "C:/Users/amrit/Documents/Xilinx Projects/rc5/key_expansion.vhd" Line 41: <std_logic_vector> is not declared.
ERROR:HDLCompiler:69 - "C:/Users/amrit/Documents/Xilinx Projects/rc5/key_expansion.vhd" Line 42: <std_logic_vector> is not declared.
ERROR:HDLCompiler:69 - "C:/Users/amrit/Documents/Xilinx Projects/rc5/key_expansion.vhd" Line 43: <std_logic_vector> is not declared.
ERROR:HDLCompiler:69 - "C:/Users/amrit/Documents/Xilinx Projects/rc5/key_expansion.vhd" Line 44: <std_logic_vector> is not declared.
ERROR:HDLCompiler:69 - "C:/Users/amrit/Documents/Xilinx Projects/rc5/key_expansion.vhd" Line 45: <std_logic_vector> is not declared.
ERROR:HDLCompiler:69 - "C:/Users/amrit/Documents/Xilinx Projects/rc5/key_expansion.vhd" Line 46: <std_logic_vector> is not declared.
Sorry, too many errors..
