Command line:
   MIPS_isim_beh.exe
     -simmode  gui
     -simrunnum  0
     -socket  50910

Fri Dec 09 15:14:51 2016


 Elaboration Time: 0.109375 sec

 Current Memory Usage: 858.923 Meg

 Total Signals          : 165
 Total Nets             : 17209
 Total Signal Drivers   : 56
 Total Blocks           : 27
 Total Primitive Blocks : 25
 Total Processes        : 54
 Total Traceable Variables  : 17
 Total Scalar Nets and Variables : 18735
Total Line Count : 180

 Total Simulation Time: 0.59375 sec

 Current Memory Usage: 701.637 Meg

Fri Dec 09 15:18:39 2016

